<?xml version="1.0" encoding="UTF-8"?>
<!-- Generated by org.testng.reporters.JUnitReportReporter -->
<testsuite hostname="LAPTOP-GSP8G9KO" failures="0" tests="3" name="com.crm.qa.testcases.LoginPageTest" time="12.176" errors="0" timestamp="27 Apr 2019 15:56:11 GMT" skipped="0">
  <testcase classname="com.crm.qa.testcases.LoginPageTest" name="loginPageTitleTest" time="0.019"/>
  <testcase classname="com.crm.qa.testcases.LoginPageTest" name="crmLogoImageTest" time="0.111"/>
  <testcase classname="com.crm.qa.testcases.LoginPageTest" name="loginTest" time="12.046"/>
</testsuite> <!-- com.crm.qa.testcases.LoginPageTest -->
