<?xml version="1.0" encoding="UTF-8"?>
<!-- Generated by org.testng.reporters.JUnitReportReporter -->
<testsuite hostname="LAPTOP-GSP8G9KO" failures="0" tests="3" name="com.crm.qa.testcases.HomePageTest" time="69.255" errors="0" timestamp="02 May 2019 04:47:45 GMT" skipped="0">
  <testcase classname="com.crm.qa.testcases.HomePageTest" name="verifyHomePageTitleTest" time="22.308"/>
  <testcase classname="com.crm.qa.testcases.HomePageTest" name="verifyUserNameTest" time="24.025"/>
  <testcase classname="com.crm.qa.testcases.HomePageTest" name="verifyContactsLink" time="22.922"/>
</testsuite> <!-- com.crm.qa.testcases.HomePageTest -->
