<?xml version="1.0" encoding="UTF-8"?>
<!-- Generated by org.testng.reporters.JUnitReportReporter -->
<testsuite hostname="LAPTOP-GSP8G9KO" failures="0" tests="3" name="com.crm.qa.testcases.LoginPageTest" time="55.038" errors="0" timestamp="3 May 2019 04:56:36 GMT">
  <testcase classname="com.crm.qa.testcases.LoginPageTest" name="loginPageTitleTest" time="17.822"/>
  <testcase classname="com.crm.qa.testcases.LoginPageTest" name="loginTest" time="24.648"/>
  <testcase classname="com.crm.qa.testcases.LoginPageTest" name="crmLogoImageTest" time="12.568"/>
</testsuite> <!-- com.crm.qa.testcases.LoginPageTest -->
