<?xml version="1.0" encoding="UTF-8"?>
<!-- Generated by org.testng.reporters.JUnitReportReporter -->
<testsuite hostname="LAPTOP-GSP8G9KO" failures="0" tests="3" name="com.crm.qa.testcases.HomePageTest" time="87.951" errors="0" timestamp="3 May 2019 04:56:36 GMT">
  <testcase classname="com.crm.qa.testcases.HomePageTest" name="verifyHomePageTitleTest" time="27.921"/>
  <testcase classname="com.crm.qa.testcases.HomePageTest" name="verifyUserNameTest" time="24.374"/>
  <testcase classname="com.crm.qa.testcases.HomePageTest" name="verifyContactsLink" time="35.656"/>
</testsuite> <!-- com.crm.qa.testcases.HomePageTest -->
